20221001	13:08:54	c18e6fb3-389a-46d3-a399-379be8c6829d	GET	/	undefined
20221001	13:08:54	62e81e60-6a86-46f0-9f05-705b8068119d	GET	/css/style.css	undefined
20221001	13:16:21	f76142bf-f22c-465b-9f60-0a5b12076ff5	GET	/	chrome-untrusted://new-tab-page
20221001	13:18:29	9267523b-94ba-4bca-b1e6-dd52ac151104	GET	/	chrome-untrusted://new-tab-page
20221114	21:55:03	abccc7cb-a17f-43f5-a08f-ebc1435daebd	GET	/news	undefined
20221114	21:56:56	ff40342e-8646-4dbd-b69d-682e22c62708	GET	/news	undefined
20221114	21:57:56	12cf6c42-e56b-4111-b49c-1386dc1bcc80	GET	/news	undefined
20221114	21:58:25	cbf4ef4f-f349-48ed-96fa-359ef3e57941	GET	/news	undefined
20221115	00:13:54	0ef5ccf8-d5f2-4ca6-a916-0921307b7bae	GET	/news	undefined
20221115	00:14:16	243de2eb-bb75-4f08-9794-6ded36815b18	GET	/news	undefined
20221115	00:14:37	dc4ebd2d-b277-4b8a-9dcc-4ba612c4ae5d	GET	/news	undefined
20221115	00:15:13	29fdb55f-abb4-4468-a0ef-fa2cb73647d0	GET	/news	undefined
20221115	00:15:41	6b2e8675-b10d-49b5-b4cd-f5c48bce066e	GET	/news	undefined
20221115	00:16:06	30c81d2c-406f-4120-b228-0832f7d85681	GET	/news	undefined
20221115	00:16:33	877d3de0-fe20-4840-ab08-88999fd0e6a0	GET	/news	undefined
20221115	00:16:50	458dddfc-bc28-48d1-8d2d-ee7e6c8f1293	GET	/news	undefined
20221115	00:19:23	d196c241-77c3-4e67-8efb-379804dc1cbe	GET	/news	undefined
20221115	00:19:40	689f16c7-fbb8-4e2e-aabd-82cca142ea36	GET	/news	undefined
20221115	00:20:19	76d52922-74e6-4277-b713-c2e0b0382005	GET	/news	undefined
20221115	00:22:10	71d2b648-4dcb-4175-8687-4412d55b46cb	GET	/news	http://localhost:3000
20221115	00:22:11	9346e04c-58df-4a8c-8c57-9898e550a43e	GET	/news	http://localhost:3000
20221115	00:26:28	a8bb8d19-2858-4070-b82f-f85df3923668	GET	/news	undefined
20221115	00:27:08	4e9bbe67-d400-4a05-a851-aefb3be43ae4	GET	/news	undefined
20221115	00:28:15	6c8e4565-d967-4c78-865f-c7f5e2764625	GET	/news	undefined
20221115	00:28:37	4fcc696b-7178-412f-950e-d1b4aa9b60ee	GET	/news	undefined
20221115	00:34:54	041161c5-ff1d-4311-b792-5b79f68af616	GET	/news/?cat=sports	undefined
20221115	00:35:35	cba7517b-1f53-4aa7-b602-9dcccf7b164a	GET	/news/?cat=sports	undefined
20221115	00:36:05	0277cfab-e8ce-4dc1-a205-6c561000e1fc	GET	/news/?cat=sport	undefined
20221115	00:36:10	67c6eed5-162e-4cf9-8107-3c26f6d9ec29	GET	/news/?cat=health	undefined
20221115	00:37:25	fc212fa2-2a58-480e-aba7-5d83c9ee599b	GET	/news/?cat=entertainment	undefined
20221115	00:37:36	a3297871-1ace-4c86-8053-0acdfd4468db	GET	/news/?cat=sports	undefined
20221115	00:37:40	e5e416fe-cae6-4edb-a20b-301a26e4103c	GET	/news/?cat=health	undefined
20221115	00:39:23	6d0edd0c-4598-447b-9f18-028204ffbe4b	GET	/news/?cat=health	undefined
20221115	00:39:49	f225b6f6-2ef9-4fc7-952e-aa8fbfbfd136	GET	/news?cat=health	undefined
20221115	00:40:18	6fef1a97-4786-4023-8920-5970e76dd04a	GET	/news?cat=science	undefined
20221115	00:41:20	f9837a3c-5024-4667-82ce-99f9d159a528	GET	/news?cat=science	undefined
20221115	00:41:43	ea77b14e-4be2-4e6d-873b-f25e5b6292e9	GET	/news/	undefined
20221115	00:43:15	7b956ec9-3972-464a-a6f9-c96d0a35e6c4	GET	/news/	undefined
20221115	00:43:39	e0c5f44c-c570-4b2c-96f5-64a43db146c7	GET	/news/	undefined
20221115	00:44:05	f52f5d4b-1966-401d-b026-8429da8b3f34	GET	/news/	undefined
20221115	00:44:42	bc238a8e-b77f-4648-a61e-a98f6af87150	GET	/news/	undefined
20221115	00:45:40	0d2953f9-8fcb-4b1c-b826-82803bfd7b5e	GET	/news/	undefined
20221115	00:45:52	4e189541-3ddd-4668-86dd-e2ae00968aee	GET	/news/	undefined
20221115	00:46:18	6f927a6d-ec0f-40df-85a1-72d0c33fada5	GET	/news/	undefined
20221115	00:47:58	a077fadb-b605-4df4-9802-28f3596b0ca3	GET	/news/?cat=sports	undefined
20221115	00:57:39	813f2bf1-8519-4028-bc69-547ed9ed79b3	GET	/news/?country=in	undefined
20221115	00:57:58	dfe97040-fb5b-4898-a3c3-ab376a0afd12	GET	/news/?country=in	undefined
20221115	00:58:22	4ebc4ef5-77d0-41d7-9601-121f4eedb25d	GET	/news/?country=au	undefined
20221115	00:59:15	fd5991af-9ec7-4919-a600-5012c7d8ef90	GET	/news/country/?country=au	undefined
20221115	01:00:38	f4fe2cb6-1843-4fdb-890f-ebe7715aa694	GET	/news/search/?search=batman	undefined
20221115	01:01:32	b3c8ceb8-a6c2-4bb7-a828-7ec6c97047d7	GET	/news/search/?search=batman	undefined
20221115	01:04:15	89bf544e-46cb-4448-b377-73b90da261ec	GET	/category/?categories=entertainment&country=in	undefined
20221115	01:04:26	994f7272-674e-4bc4-864c-cb3b129c904c	GET	/category/?categories=entertainment&countries=in	undefined
20221115	01:05:21	a3f7f306-28fe-4604-9365-70d6e138f442	GET	/category/?cat=entertainment&country=in	undefined
20221115	01:06:08	03e22905-044e-4bd3-91c0-81bf6b7f16e5	GET	/category/?cat=entertainment&country=in	undefined
20221115	01:06:24	d28bcd9e-9bdc-4de1-bdad-0258489d05bf	GET	/category/?cat=health&country=in	undefined
20221115	01:06:29	13a02e1e-23ad-4c1d-b692-4587ff16c39c	GET	/category/?cat=health&country=au	undefined
20221115	01:06:55	454998d9-44db-4947-9cb8-fec8f3b87307	GET	/category/?cat=health&country=au	undefined
20221115	01:07:58	54408ae3-9bc5-4cf0-90ab-62030706ffcd	GET	/news/category/?cat=health&country=au	undefined
20221115	01:08:11	7a9c9773-fa68-4d35-a6d9-cbb208fe059b	GET	/news/category/?cat=entertainment&country=au	undefined
20221115	01:10:09	75314f84-5b3d-469b-8adb-a4b52c597f5c	GET	/news/search/?search=batman	undefined
20221115	01:12:05	b1ccdde5-bc07-4cd0-8a06-f104303fc16e	GET	/news/category/?cat=general&country=in	http://localhost:3000
20221115	01:14:27	076a0f91-8788-4ab1-ad11-3053e9ec0d4a	GET	/news/category/?cat=general&country=in	http://localhost:3000
20221115	01:14:45	c0584b1c-0331-4dbd-ba20-e6fbb773f11d	GET	/news/category/?cat=general&country=in	http://localhost:3000
20221115	01:15:04	64bb8857-fdaa-40d8-a2e7-bc40915c8b70	GET	/news/category/?cat=general&country=in	http://localhost:3000
20221115	01:16:12	702853c0-10bc-47cf-9dac-75a4a8c7c4be	GET	/news/category/?cat=general&country=us	http://localhost:3000
20221115	01:16:18	4e4e2c8c-1309-4523-bacb-ab8f43d3f388	GET	/news/category/?cat=entertainment&country=us	http://localhost:3000
20221115	01:16:38	cfe3ca5f-a2a4-4163-85d5-3792bf38fa41	GET	/news/category/?cat=technology&country=us	http://localhost:3000
20221115	01:16:53	d50c88d8-bd76-4f7e-8271-f84fb4efd695	GET	/news/category/?cat=sports&country=us	http://localhost:3000
20221115	01:17:06	e06e1d98-c5ee-47e5-9ce9-7cd1cc6a3a21	GET	/news/search/?search=varanasi	http://localhost:3000
20221115	01:20:52	00759cc7-86a4-4d34-a6bf-8bf6967780cd	GET	/news/category/?cat=general&country=in	http://localhost:3000
20221115	01:23:58	f9bc4026-e60b-44b7-8935-3bcdc6196156	GET	/news/category/?cat=entertainment&country=in	http://localhost:3000
20221115	01:24:20	eac67148-a241-456a-99de-743711ba3a29	GET	/news/category/?cat=entertainment&country=in	http://localhost:3000
20221115	01:24:23	bb6c2e55-86b1-4b3d-8d97-235f05fe8276	GET	/news/category/?cat=general&country=in	http://localhost:3000
20221115	01:24:56	293067b3-217b-44d9-b979-c76e8a736937	GET	/news/category/?cat=general&country=in	http://localhost:3000
20221115	01:25:14	d8d24fac-6811-49f4-a081-192b37d19cd1	GET	/news/category/?cat=general&country=in	http://localhost:3000
20221115	01:25:19	1b2a5d21-ce45-49a3-8604-ccffa2a9ff32	GET	/news/category/?cat=general&country=in	http://localhost:3000
20221115	01:25:45	280234bc-2b41-4bd4-9ece-28b4ae5ff7bd	GET	/news/category/?cat=general&country=in	http://localhost:3000
20221115	01:26:20	bf97b2e6-9ae9-400d-9ea7-d79ab44e5670	GET	/news/category/?cat=general&country=in	http://localhost:3000
20221115	01:39:16	e817ce68-5836-4f81-b38f-bb17c7fbd37c	GET	/news/category/?cat=general&country=in	http://localhost:3000
20221115	01:39:20	361a4d64-de94-4cf3-b6c2-dad80ebc64c7	GET	/news/category/?cat=general&country=in	http://localhost:3000
20221115	01:39:39	4933f88e-b74a-454f-94d2-ae5413a4fb7b	GET	/news/category/?cat=general&country=in	http://localhost:3000
20221115	01:39:42	2a78c104-968b-419f-8fc2-e0b8e33dd6ee	GET	/news/category/?cat=general&country=us	http://localhost:3000
20221115	21:00:21	75487074-ca4b-4f94-9bfb-a0bf4edefdda	GET	/news/search/?search=batman	undefined
20221115	21:28:47	68077058-2089-4e51-a03a-0115cfe6529f	GET	/news/search/	undefined
20221115	21:34:15	5cd1d3b1-c45a-4741-9ff1-adfd60698be2	GET	/news/search/?q=batman	undefined
20221115	21:35:07	66846099-9b93-4899-ad86-ff2cfaa1e6c4	GET	/news/search/?q=batman	undefined
20221115	21:35:31	767453be-372d-4c63-87ba-79ee8eddaf53	GET	/news/search/?q=batman	undefined
20221115	21:37:24	6151d6b9-19d0-47b6-990d-3a2d00db2e06	GET	/news/search/?q=batman	undefined
20221115	21:38:51	7175307f-2ae4-423e-8e1b-106645bc3ee5	GET	/news/category/?cat=general&country=in	http://localhost:3000
20221115	21:39:25	1f4c060f-03ef-412d-a7fa-6d4a4e4e54be	GET	/news/category/?cat=general&country=in	http://localhost:3000
20221115	21:40:15	2ea4077e-beb1-446a-b379-2a04a7be302b	GET	/news/category/?cat=general&country=in	http://localhost:3000
20221115	21:48:18	dcda684c-ac18-4ce4-919c-576ea070bd6b	GET	/news/category/?cat=general&country=in	http://localhost:3000
20221116	01:29:46	ece581eb-c761-41c1-988e-2419429a43db	GET	/news/category/?cat=general&country=in	http://localhost:3000
20221116	01:38:25	55b7e983-9d43-421b-a1dc-b6acdeb0b404	GET	/news/category/?cat=general&country=in	http://localhost:3000
20221116	01:40:02	487d305c-a2a7-43f5-9fa7-dcf534f9aaee	GET	/news/category/?cat=general&country=in	http://localhost:3000
20221116	01:40:03	581b4b70-ad17-405f-8707-9b39e12f7fe8	GET	/news/category/?cat=general&country=in	http://localhost:3000
20221116	01:42:40	20df9075-a91f-4b93-aefc-39784cc32552	GET	/news/category/?cat=general&country=in	http://localhost:3000
20221116	01:42:42	d4d2b802-c94f-4f89-b17c-2378812daeb1	GET	/news/category/?cat=general&country=in	http://localhost:3000
20221116	01:47:05	3fd898e3-41ad-4b19-abac-6c3dc8e0d64e	GET	/news/category/?cat=general&country=in	http://localhost:3000
20221116	01:47:05	aaee5ac4-4655-4837-b7b8-e007ce056e53	GET	/news/category/?cat=general&country=in	http://localhost:3000
20221116	01:47:12	35d2df29-9fb3-4ff0-ab8e-90135e6df301	GET	/news/category/?cat=general&country=in	http://localhost:3000
20221116	01:47:12	e149251c-0587-4d17-a4c2-7e0eddb66c46	GET	/news/category/?cat=general&country=in	http://localhost:3000
20221116	01:47:35	e15e6b21-375f-437d-9902-13d9493e3a52	GET	/news/category/?cat=general&country=in	http://localhost:3000
20221116	01:47:36	6e07d423-e838-4e1c-bcc2-1086a2586cb0	GET	/news/category/?cat=general&country=in	http://localhost:3000
20221116	01:48:24	f4e945c1-99f8-46fe-84fb-806ef6c76e42	GET	/news/category/?cat=general&country=in	http://localhost:3000
20221116	01:48:26	297355b8-66f7-455c-8c66-9f4d58168448	GET	/news/category/?cat=general&country=in	http://localhost:3000
20221116	01:48:28	5b30251c-75e1-4365-b505-9d5906d89cb7	GET	/news/category/?cat=general&country=in	http://localhost:3000
20221116	01:48:29	534831c1-44aa-4fcf-877a-a2c0cf8d3564	GET	/news/category/?cat=general&country=in	http://localhost:3000
20221116	01:48:29	0011bb46-b7ab-4abb-9ae6-798c34fcd297	GET	/news/category/?cat=general&country=in	http://localhost:3000
20221116	01:48:31	6a51c446-402d-4776-aff5-b576d66db746	GET	/news/category/?cat=general&country=in	http://localhost:3000
20221116	01:48:36	57e7790a-60b0-4522-8d7e-91738b6a8478	GET	/news/category/?cat=general&country=in	http://localhost:3000
20221116	01:48:37	43a0d119-08d2-402a-b18b-c25190ce9ec4	GET	/news/category/?cat=general&country=in	http://localhost:3000
20221116	01:48:39	c11b2ca7-078b-4e4a-9fe2-6b3be6dde116	GET	/news/category/?cat=general&country=in	http://localhost:3000
20221116	01:49:15	3360a8bd-8ca7-463b-b228-0d60b71b79fe	GET	/news/category/?cat=general&country=in	http://localhost:3000
20221116	01:49:28	4c5390a5-183b-4fe0-a232-7d39419e2cc9	GET	/news/category/?cat=general&country=in	http://localhost:3000
20221116	01:49:34	d7184c48-d273-47e0-b9e2-5d9e68356b87	GET	/news/category/?cat=general&country=in	http://localhost:3000
20221116	01:50:25	d100f865-1af5-4aa2-90fe-a17219237289	GET	/news/category/?cat=general&country=in	http://localhost:3000
20221116	01:54:03	9ff9363d-ad19-415f-a642-af0de3a32256	GET	/news/search/?q=batman	undefined
20221116	01:54:57	a35a7458-ef70-44a7-baf0-73471ea98aa7	GET	/news/category?country=in&cat=general	undefined
20221116	01:56:31	73ad8725-8e34-44c8-a54e-0afb232727b8	GET	/news/category/?cat=general&country=in	http://localhost:3000
20221116	01:56:33	61d78929-9f7f-4666-bba8-7a64aeb5f70f	GET	/news/category/?cat=general&country=in	http://localhost:3000
20221116	01:56:54	ae926caf-24a2-4328-838b-0067674417d2	GET	/news/category/?cat=general&country=in	http://localhost:3000
20221116	02:00:12	1a9a87db-2955-4bca-9f28-7be29bdb121f	GET	/news/category/?cat=general&country=in	http://localhost:3000
20221116	02:06:36	36ebcf10-6b05-4f50-b3d9-33fd7f69da85	GET	/news/category?country=in&cat=general	undefined
20221210	18:44:05	adac61bb-8021-4452-b88f-85ba204fe19e	GET	/news/category/?cat=sports&country=in&page=1	undefined
20221210	18:44:07	916289a6-6f2c-4878-bf6b-fa397b462b79	GET	/favicon.ico	undefined
20221210	18:44:12	e758eed0-6a46-43b7-9429-7fa946b9b68d	GET	/news/category/?cat=sports&country=in&page=2	undefined
20221210	18:49:08	d8d75d3e-1911-4746-8b92-ca6375357061	GET	/news/category/?cat=sports&country=in&page=2	undefined
20221210	18:49:15	e7a850e0-9040-43cd-b417-4e3381f7b8e1	GET	/news/category/?cat=sports&country=in&page=3	undefined
20221210	18:50:21	4e1a91a0-335a-427e-9cb6-4ffb20cf1e6c	GET	/news/category/?cat=sports&country=in&page=3	undefined
20221210	18:50:41	dcd73f45-4738-465e-9747-cadacbe565f4	GET	/news/category/?cat=sports&country=in&page=2	undefined
20221210	18:51:23	d26fb4f6-ef95-4b38-824c-bd8ebec7ad63	GET	/news/category/?cat=sports&country=in&page=2	undefined
20221210	18:53:10	028c14f4-ef06-4551-9376-0428243cc4fb	GET	/news/category/?cat=sports&country=in&page=2	undefined
20221210	18:53:25	8e734367-980a-4690-9aa4-4ae75db5adba	GET	/news/category/?cat=entertainment&country=in&page=2	undefined
20221210	18:53:37	01c33663-351a-4c1a-9a21-63e2e5a2c71b	GET	/news/category/?cat=business&country=in&page=2	undefined
20221210	18:53:50	2e046601-2db4-4358-816a-104cc72daa00	GET	/news/category/?cat=business&country=in&page=1	undefined
20221210	18:53:57	e4eb1b04-e0b5-4861-915a-c927bc3f5a82	GET	/news/category/?cat=business&country=in&page=2	undefined
20221210	18:54:21	138fd15c-79be-4afd-937a-2fd55594c8bd	GET	/news/category/?cat=business&country=in&page=2	undefined
20221210	18:54:45	b6f04086-e419-41ff-95ed-2af55e49a3b4	GET	/news/category/?cat=business&country=in&page=2	undefined
20221210	18:56:43	544aeb29-3d40-4479-81cd-7d581f79b9de	GET	/news/category/?cat=business&country=in&page=3	undefined
20221210	18:56:49	fd4344fc-8e64-438e-9ae5-4293ef598d2a	GET	/news/category/?cat=business&country=in&page=1	undefined
20221210	18:59:43	73c09ff5-b9fb-4803-8192-6c5c6244a0fb	GET	/news/category/?cat=general&country=in&page=1	http://localhost:3000
20221210	18:59:46	1bf4528e-7da1-48cc-a1c9-26f475e69202	GET	/news/category/?cat=general&country=in&page=2	http://localhost:3000
20221210	18:59:48	65e45df4-f4f9-437b-a5d7-9d52c1317749	GET	/news/category/?cat=general&country=in&page=3	http://localhost:3000
20221211	19:44:43	92d0da74-58d1-4918-8e52-aad8afaf9784	GET	/news/category/?cat=general&country=in&page=1	http://localhost:3000
20221211	19:46:41	1d3b83d7-e8fe-472c-b020-6469b5d65a89	GET	/news/category/?cat=general&country=in&page=2	http://localhost:3000
20221211	19:47:13	98d75888-1639-40cb-89e6-f7afadfdc03e	GET	/news/category/?cat=business&country=in&page=1	http://localhost:3000
20221211	19:48:39	cb7e8dbc-552f-41b3-aade-b82b8eb38aaf	GET	/news/category/?cat=business&country=in&page=1	http://localhost:3000
20221211	19:50:18	8ae334c5-c690-4a53-8f5b-8b0bfc79c6e0	GET	/news/category/?cat=business&country=in&page=1	http://localhost:3000
20221211	19:50:45	fd98f915-e122-4eba-a90d-636d80923886	GET	/news/category/?cat=business&country=in&page=2	http://localhost:3000
20221211	19:50:50	190aa6d3-faea-4434-9d67-6e38545d6982	GET	/news/category/?cat=business&country=in&page=3	http://localhost:3000
20221211	19:52:27	283165bd-a56f-460b-896e-bd2d7267dfe0	GET	/news/category/?cat=business&country=in&page=4	http://localhost:3000
20221211	19:54:00	8213d282-7895-4bcd-abf8-743bb3bbedd0	GET	/news/category/?cat=business&country=in	http://localhost:3000
20221211	19:54:05	9425c624-4841-455c-b39d-2c94bc749470	GET	/news/category/?cat=business&country=in	http://localhost:3000
20221211	19:54:13	2083d4b3-40c0-4900-9523-d7dcefa129da	GET	/news/search/?search=batman	http://localhost:3000
20221211	19:56:41	ef51f644-8e1a-41b5-9b10-2ea8d1fee3ad	GET	/news/category/?cat=general&country=in	http://localhost:3000
20221211	19:56:51	2e935b1f-df9b-4f46-9cc1-cf3fd0774e2d	GET	/news/search/?search=batman	http://localhost:3000
20221211	19:57:37	ee2acfe3-466b-4e40-8abf-6aca4eb45efc	GET	/news/search/?q=batman	http://localhost:3000
20221211	19:57:46	f54d58b8-cadc-4eba-88c2-9156f2264686	GET	/news/search/?q=batman	http://localhost:3000
20221211	19:57:53	7cbc389f-4372-4700-9346-8d8fa85518b9	GET	/news/category/?cat=business&country=in	http://localhost:3000
20221211	19:58:05	b08c09b2-fc1a-4957-976d-ff68b6c2cc4c	GET	/news/category/?cat=entertainment&country=in	http://localhost:3000
20221211	19:58:15	e70310ef-0ee9-476e-bc7c-a8e82cfa0b1b	GET	/news/search/?q=undefined	http://localhost:3000
20221211	19:58:28	8333f4c0-7e48-4da9-ba28-b4ebcf424191	GET	/news/category/?cat=entertainment&country=in	http://localhost:3000
20221211	19:58:41	01414897-f8a0-42c9-bad3-2703f8221157	GET	/news/search/?q=james%20gunn	http://localhost:3000
20221211	20:03:40	c39f14dd-7b7c-4379-8ee6-922af7797ba3	GET	/news/category/?cat=general&country=in	http://localhost:3000
20221211	20:04:00	8fe6b420-9b1e-493e-8aae-2f9a2f7db5e1	GET	/news/category/?cat=business&country=in	http://localhost:3000
20221211	20:04:12	00cb3392-deb0-459b-9ae7-bc1f8553ab47	GET	/news/search/?q=varanasi	http://localhost:3000
20221211	20:04:28	33e220e2-0849-47cb-889a-fa4340b1fd5c	GET	/news/category/?cat=general&country=in	http://localhost:3000
